{"/Users/GabbyThom/Downloads/apcomp215/ac215_DecAide/src/frontend/image-year-predictor/src/App.js": {"path":"/Users/GabbyThom/Downloads/apcomp215/ac215_DecAide/src/frontend/image-year-predictor/src/App.js","statementMap":{"0":{"start":{"line":6,"column":22},"end":{"line":8,"column":3}},"1":{"start":{"line":11,"column":32},"end":{"line":11,"column":43}},"2":{"start":{"line":12,"column":42},"end":{"line":12,"column":53}},"3":{"start":{"line":14,"column":2},"end":{"line":22,"column":27}},"4":{"start":{"line":16,"column":23},"end":{"line":19,"column":13}},"5":{"start":{"line":17,"column":6},"end":{"line":17,"column":70}},"6":{"start":{"line":17,"column":32},"end":{"line":17,"column":68}},"7":{"start":{"line":18,"column":6},"end":{"line":18,"column":71}},"8":{"start":{"line":18,"column":35},"end":{"line":18,"column":69}},"9":{"start":{"line":21,"column":4},"end":{"line":21,"column":43}},"10":{"start":{"line":21,"column":17},"end":{"line":21,"column":42}},"11":{"start":{"line":25,"column":26},"end":{"line":38,"column":3}},"12":{"start":{"line":40,"column":26},"end":{"line":40,"column":40}},"13":{"start":{"line":41,"column":44},"end":{"line":41,"column":58}},"14":{"start":{"line":42,"column":50},"end":{"line":42,"column":64}},"15":{"start":{"line":43,"column":40},"end":{"line":43,"column":55}},"16":{"start":{"line":44,"column":46},"end":{"line":44,"column":61}},"17":{"start":{"line":45,"column":34},"end":{"line":45,"column":48}},"18":{"start":{"line":47,"column":27},"end":{"line":57,"column":3}},"19":{"start":{"line":48,"column":25},"end":{"line":48,"column":42}},"20":{"start":{"line":49,"column":4},"end":{"line":52,"column":5}},"21":{"start":{"line":50,"column":6},"end":{"line":50,"column":49}},"22":{"start":{"line":51,"column":6},"end":{"line":51,"column":13}},"23":{"start":{"line":55,"column":4},"end":{"line":55,"column":51}},"24":{"start":{"line":56,"column":4},"end":{"line":56,"column":26}},"25":{"start":{"line":59,"column":23},"end":{"line":87,"column":3}},"26":{"start":{"line":60,"column":4},"end":{"line":63,"column":5}},"27":{"start":{"line":61,"column":6},"end":{"line":61,"column":55}},"28":{"start":{"line":62,"column":6},"end":{"line":62,"column":13}},"29":{"start":{"line":65,"column":4},"end":{"line":65,"column":25}},"30":{"start":{"line":66,"column":4},"end":{"line":66,"column":27}},"31":{"start":{"line":67,"column":21},"end":{"line":67,"column":35}},"32":{"start":{"line":68,"column":4},"end":{"line":68,"column":34}},"33":{"start":{"line":70,"column":4},"end":{"line":86,"column":5}},"34":{"start":{"line":71,"column":23},"end":{"line":74,"column":8}},"35":{"start":{"line":76,"column":6},"end":{"line":78,"column":7}},"36":{"start":{"line":77,"column":8},"end":{"line":77,"column":54}},"37":{"start":{"line":79,"column":19},"end":{"line":79,"column":40}},"38":{"start":{"line":80,"column":29},"end":{"line":80,"column":49}},"39":{"start":{"line":81,"column":6},"end":{"line":81,"column":39}},"40":{"start":{"line":83,"column":6},"end":{"line":83,"column":39}},"41":{"start":{"line":85,"column":6},"end":{"line":85,"column":28}},"42":{"start":{"line":89,"column":30},"end":{"line":117,"column":1}},"43":{"start":{"line":90,"column":4},"end":{"line":93,"column":5}},"44":{"start":{"line":91,"column":6},"end":{"line":91,"column":55}},"45":{"start":{"line":92,"column":6},"end":{"line":92,"column":13}},"46":{"start":{"line":95,"column":4},"end":{"line":95,"column":28}},"47":{"start":{"line":96,"column":4},"end":{"line":96,"column":30}},"48":{"start":{"line":97,"column":21},"end":{"line":97,"column":35}},"49":{"start":{"line":98,"column":4},"end":{"line":98,"column":34}},"50":{"start":{"line":100,"column":4},"end":{"line":116,"column":5}},"51":{"start":{"line":101,"column":23},"end":{"line":104,"column":8}},"52":{"start":{"line":106,"column":6},"end":{"line":108,"column":7}},"53":{"start":{"line":107,"column":8},"end":{"line":107,"column":54}},"54":{"start":{"line":109,"column":19},"end":{"line":109,"column":40}},"55":{"start":{"line":110,"column":22},"end":{"line":110,"column":34}},"56":{"start":{"line":111,"column":6},"end":{"line":111,"column":35}},"57":{"start":{"line":113,"column":6},"end":{"line":113,"column":39}},"58":{"start":{"line":115,"column":6},"end":{"line":115,"column":31}},"59":{"start":{"line":120,"column":0},"end":{"line":172,"column":2}}},"fnMap":{"0":{"name":"App","decl":{"start":{"line":4,"column":9},"end":{"line":4,"column":12}},"loc":{"start":{"line":4,"column":15},"end":{"line":174,"column":1}},"line":4},"1":{"name":"(anonymous_1)","decl":{"start":{"line":14,"column":12},"end":{"line":14,"column":13}},"loc":{"start":{"line":14,"column":18},"end":{"line":22,"column":3}},"line":14},"2":{"name":"(anonymous_2)","decl":{"start":{"line":16,"column":35},"end":{"line":16,"column":36}},"loc":{"start":{"line":16,"column":41},"end":{"line":19,"column":5}},"line":16},"3":{"name":"(anonymous_3)","decl":{"start":{"line":17,"column":17},"end":{"line":17,"column":18}},"loc":{"start":{"line":17,"column":32},"end":{"line":17,"column":68}},"line":17},"4":{"name":"(anonymous_4)","decl":{"start":{"line":18,"column":22},"end":{"line":18,"column":23}},"loc":{"start":{"line":18,"column":35},"end":{"line":18,"column":69}},"line":18},"5":{"name":"(anonymous_5)","decl":{"start":{"line":21,"column":11},"end":{"line":21,"column":12}},"loc":{"start":{"line":21,"column":17},"end":{"line":21,"column":42}},"line":21},"6":{"name":"(anonymous_6)","decl":{"start":{"line":47,"column":27},"end":{"line":47,"column":28}},"loc":{"start":{"line":47,"column":34},"end":{"line":57,"column":3}},"line":47},"7":{"name":"(anonymous_7)","decl":{"start":{"line":59,"column":23},"end":{"line":59,"column":24}},"loc":{"start":{"line":59,"column":35},"end":{"line":87,"column":3}},"line":59},"8":{"name":"(anonymous_8)","decl":{"start":{"line":89,"column":30},"end":{"line":89,"column":31}},"loc":{"start":{"line":89,"column":42},"end":{"line":117,"column":1}},"line":89}},"branchMap":{"0":{"loc":{"start":{"line":49,"column":4},"end":{"line":52,"column":5}},"type":"if","locations":[{"start":{"line":49,"column":4},"end":{"line":52,"column":5}},{"start":{},"end":{}}],"line":49},"1":{"loc":{"start":{"line":49,"column":8},"end":{"line":49,"column":63}},"type":"binary-expr","locations":[{"start":{"line":49,"column":8},"end":{"line":49,"column":20}},{"start":{"line":49,"column":24},"end":{"line":49,"column":63}}],"line":49},"2":{"loc":{"start":{"line":60,"column":4},"end":{"line":63,"column":5}},"type":"if","locations":[{"start":{"line":60,"column":4},"end":{"line":63,"column":5}},{"start":{},"end":{}}],"line":60},"3":{"loc":{"start":{"line":76,"column":6},"end":{"line":78,"column":7}},"type":"if","locations":[{"start":{"line":76,"column":6},"end":{"line":78,"column":7}},{"start":{},"end":{}}],"line":76},"4":{"loc":{"start":{"line":90,"column":4},"end":{"line":93,"column":5}},"type":"if","locations":[{"start":{"line":90,"column":4},"end":{"line":93,"column":5}},{"start":{},"end":{}}],"line":90},"5":{"loc":{"start":{"line":106,"column":6},"end":{"line":108,"column":7}},"type":"if","locations":[{"start":{"line":106,"column":6},"end":{"line":108,"column":7}},{"start":{},"end":{}}],"line":106},"6":{"loc":{"start":{"line":147,"column":9},"end":{"line":147,"column":120}},"type":"binary-expr","locations":[{"start":{"line":147,"column":9},"end":{"line":147,"column":17}},{"start":{"line":147,"column":21},"end":{"line":147,"column":120}}],"line":147},"7":{"loc":{"start":{"line":157,"column":7},"end":{"line":157,"column":53}},"type":"cond-expr","locations":[{"start":{"line":157,"column":21},"end":{"line":157,"column":36}},{"start":{"line":157,"column":39},"end":{"line":157,"column":53}}],"line":157},"8":{"loc":{"start":{"line":159,"column":5},"end":{"line":159,"column":70}},"type":"binary-expr","locations":[{"start":{"line":159,"column":5},"end":{"line":159,"column":18}},{"start":{"line":159,"column":22},"end":{"line":159,"column":70}}],"line":159},"9":{"loc":{"start":{"line":165,"column":7},"end":{"line":165,"column":68}},"type":"cond-expr","locations":[{"start":{"line":165,"column":24},"end":{"line":165,"column":47}},{"start":{"line":165,"column":50},"end":{"line":165,"column":68}}],"line":165},"10":{"loc":{"start":{"line":167,"column":5},"end":{"line":167,"column":74}},"type":"binary-expr","locations":[{"start":{"line":167,"column":5},"end":{"line":167,"column":21}},{"start":{"line":167,"column":25},"end":{"line":167,"column":74}}],"line":167}},"s":{"0":3,"1":3,"2":3,"3":3,"4":3,"5":0,"6":0,"7":0,"8":0,"9":3,"10":3,"11":3,"12":3,"13":3,"14":3,"15":3,"16":3,"17":3,"18":3,"19":0,"20":0,"21":0,"22":0,"23":0,"24":0,"25":3,"26":1,"27":1,"28":1,"29":0,"30":0,"31":0,"32":0,"33":0,"34":0,"35":0,"36":0,"37":0,"38":0,"39":0,"40":0,"41":0,"42":3,"43":1,"44":1,"45":1,"46":0,"47":0,"48":0,"49":0,"50":0,"51":0,"52":0,"53":0,"54":0,"55":0,"56":0,"57":0,"58":0,"59":3},"f":{"0":3,"1":3,"2":0,"3":0,"4":0,"5":3,"6":0,"7":1,"8":1},"b":{"0":[0,0],"1":[0,0],"2":[1,0],"3":[0,0],"4":[1,0],"5":[0,0],"6":[3,0],"7":[0,3],"8":[3,0],"9":[0,3],"10":[3,0]},"_coverageSchema":"1a1c01bbd47fc00a2c39e90264f33305004495a9","hash":"c517b0bbac5ddb8ad5077900b534c92c79c21973"}
,"/Users/GabbyThom/Downloads/apcomp215/ac215_DecAide/src/frontend/image-year-predictor/src/index.js": {"path":"/Users/GabbyThom/Downloads/apcomp215/ac215_DecAide/src/frontend/image-year-predictor/src/index.js","statementMap":{"0":{"start":{"line":7,"column":13},"end":{"line":7,"column":65}},"1":{"start":{"line":8,"column":0},"end":{"line":12,"column":2}},"2":{"start":{"line":17,"column":0},"end":{"line":17,"column":18}}},"fnMap":{},"branchMap":{},"s":{"0":0,"1":0,"2":0},"f":{},"b":{}}
,"/Users/GabbyThom/Downloads/apcomp215/ac215_DecAide/src/frontend/image-year-predictor/src/reportWebVitals.js": {"path":"/Users/GabbyThom/Downloads/apcomp215/ac215_DecAide/src/frontend/image-year-predictor/src/reportWebVitals.js","statementMap":{"0":{"start":{"line":1,"column":24},"end":{"line":11,"column":1}},"1":{"start":{"line":2,"column":2},"end":{"line":10,"column":3}},"2":{"start":{"line":3,"column":4},"end":{"line":9,"column":7}},"3":{"start":{"line":4,"column":6},"end":{"line":4,"column":26}},"4":{"start":{"line":5,"column":6},"end":{"line":5,"column":26}},"5":{"start":{"line":6,"column":6},"end":{"line":6,"column":26}},"6":{"start":{"line":7,"column":6},"end":{"line":7,"column":26}},"7":{"start":{"line":8,"column":6},"end":{"line":8,"column":27}}},"fnMap":{"0":{"name":"(anonymous_0)","decl":{"start":{"line":1,"column":24},"end":{"line":1,"column":25}},"loc":{"start":{"line":1,"column":39},"end":{"line":11,"column":1}},"line":1},"1":{"name":"(anonymous_1)","decl":{"start":{"line":3,"column":30},"end":{"line":3,"column":31}},"loc":{"start":{"line":3,"column":79},"end":{"line":9,"column":5}},"line":3}},"branchMap":{"0":{"loc":{"start":{"line":2,"column":2},"end":{"line":10,"column":3}},"type":"if","locations":[{"start":{"line":2,"column":2},"end":{"line":10,"column":3}},{"start":{},"end":{}}],"line":2},"1":{"loc":{"start":{"line":2,"column":6},"end":{"line":2,"column":52}},"type":"binary-expr","locations":[{"start":{"line":2,"column":6},"end":{"line":2,"column":17}},{"start":{"line":2,"column":21},"end":{"line":2,"column":52}}],"line":2}},"s":{"0":0,"1":0,"2":0,"3":0,"4":0,"5":0,"6":0,"7":0},"f":{"0":0,"1":0},"b":{"0":[0,0],"1":[0,0]}}
}
