TN:
SF:src/App.js
FN:4,App
FN:14,(anonymous_1)
FN:16,(anonymous_2)
FN:17,(anonymous_3)
FN:18,(anonymous_4)
FN:21,(anonymous_5)
FN:47,(anonymous_6)
FN:59,(anonymous_7)
FN:89,(anonymous_8)
FNF:9
FNH:6
FNDA:19,App
FNDA:7,(anonymous_1)
FNDA:0,(anonymous_2)
FNDA:0,(anonymous_3)
FNDA:0,(anonymous_4)
FNDA:7,(anonymous_5)
FNDA:6,(anonymous_6)
FNDA:2,(anonymous_7)
FNDA:2,(anonymous_8)
DA:6,19
DA:11,19
DA:12,18
DA:14,18
DA:16,7
DA:17,0
DA:18,0
DA:21,7
DA:25,18
DA:40,18
DA:41,18
DA:42,18
DA:43,18
DA:44,18
DA:45,18
DA:47,18
DA:48,6
DA:49,6
DA:50,1
DA:51,1
DA:55,5
DA:56,5
DA:59,18
DA:60,2
DA:61,0
DA:62,0
DA:65,2
DA:66,2
DA:67,2
DA:68,2
DA:70,2
DA:71,2
DA:76,2
DA:77,0
DA:79,1
DA:80,1
DA:81,1
DA:83,1
DA:85,2
DA:89,18
DA:90,2
DA:91,0
DA:92,0
DA:95,2
DA:96,2
DA:97,2
DA:98,2
DA:100,2
DA:101,2
DA:106,2
DA:107,0
DA:109,1
DA:110,1
DA:111,1
DA:113,1
DA:115,2
DA:120,18
LF:57
LH:49
BRDA:49,0,0,1
BRDA:49,0,1,5
BRDA:49,1,0,6
BRDA:49,1,1,6
BRDA:60,2,0,0
BRDA:60,2,1,2
BRDA:76,3,0,0
BRDA:76,3,1,1
BRDA:90,4,0,0
BRDA:90,4,1,2
BRDA:106,5,0,0
BRDA:106,5,1,1
BRDA:147,6,0,18
BRDA:147,6,1,11
BRDA:157,7,0,2
BRDA:157,7,1,16
BRDA:159,8,0,18
BRDA:159,8,1,1
BRDA:165,9,0,2
BRDA:165,9,1,16
BRDA:167,10,0,18
BRDA:167,10,1,1
BRF:22
BRH:18
end_of_record
